2022-09-26 14:47:44,993 [main] INFO  c.n.h.c.p.n.NettyAsyncHttpProvider - Number of application's worked threads is 16
2022-09-26 14:47:45,174 [pool-6-thread-1] INFO  c.n.h.c.p.n.NettyAsyncHttpProvider - Number of application's worked threads is 16
2022-09-26 14:47:45,174 [main] ERROR o.e.r.i.r.repo.ModelRepositoryIndex - Failed to open search index.
org.apache.lucene.index.IndexNotFoundException: no segments* file found in org.apache.lucene.store.MMapDirectory@D:\LMS\.metadata\.plugins\org.eclipse.recommenders.rcp\index lockFactory=org.apache.lucene.store.NativeFSLockFactory@7ec09f73: files: []
	at org.apache.lucene.index.SegmentInfos$FindSegmentsFile.run(SegmentInfos.java:712) ~[org.apache.lucene.core_3.5.0.v20120725-1805.jar:3.5.0 1204988 - simon - 2011-11-22 14:46:51]
	at org.apache.lucene.index.DirectoryReader.open(DirectoryReader.java:75) ~[org.apache.lucene.core_3.5.0.v20120725-1805.jar:3.5.0 1204988 - simon - 2011-11-22 14:46:51]
	at org.apache.lucene.index.IndexReader.open(IndexReader.java:462) ~[org.apache.lucene.core_3.5.0.v20120725-1805.jar:3.5.0 1204988 - simon - 2011-11-22 14:46:51]
	at org.apache.lucene.index.IndexReader.open(IndexReader.java:308) ~[org.apache.lucene.core_3.5.0.v20120725-1805.jar:3.5.0 1204988 - simon - 2011-11-22 14:46:51]
	at org.eclipse.recommenders.internal.rcp.repo.ModelRepositoryIndex.open(ModelRepositoryIndex.java:64) ~[org.eclipse.recommenders.rcp_1.0.5.v20130822-0858-b90.jar:na]
	at org.eclipse.recommenders.internal.rcp.wiring.RecommendersModule$ServicesInitializer.<init>(RecommendersModule.java:377) [org.eclipse.recommenders.rcp_1.0.5.v20130822-0858-b90.jar:na]
	at sun.reflect.NativeConstructorAccessorImpl.newInstance0(Native Method) [na:1.8.0_121]
	at sun.reflect.NativeConstructorAccessorImpl.newInstance(Unknown Source) [na:1.8.0_121]
	at sun.reflect.DelegatingConstructorAccessorImpl.newInstance(Unknown Source) [na:1.8.0_121]
	at java.lang.reflect.Constructor.newInstance(Unknown Source) [na:1.8.0_121]
	at com.google.inject.internal.DefaultConstructionProxyFactory$1.newInstance(DefaultConstructionProxyFactory.java:85) [com.google.inject_3.0.0.v201203062045.jar:na]
	at com.google.inject.internal.ConstructorInjector.construct(ConstructorInjector.java:85) [com.google.inject_3.0.0.v201203062045.jar:na]
	at com.google.inject.internal.ConstructorBindingImpl$Factory.get(ConstructorBindingImpl.java:254) [com.google.inject_3.0.0.v201203062045.jar:na]
	at com.google.inject.internal.ProviderToInternalFactoryAdapter$1.call(ProviderToInternalFactoryAdapter.java:46) [com.google.inject_3.0.0.v201203062045.jar:na]
	at com.google.inject.internal.InjectorImpl.callInContext(InjectorImpl.java:1031) [com.google.inject_3.0.0.v201203062045.jar:na]
	at com.google.inject.internal.ProviderToInternalFactoryAdapter.get(ProviderToInternalFactoryAdapter.java:40) [com.google.inject_3.0.0.v201203062045.jar:na]
	at com.google.inject.Scopes$1$1.get(Scopes.java:65) [com.google.inject_3.0.0.v201203062045.jar:na]
	at com.google.inject.internal.InternalFactoryToProviderAdapter.get(InternalFactoryToProviderAdapter.java:40) [com.google.inject_3.0.0.v201203062045.jar:na]
	at com.google.inject.internal.InternalInjectorCreator$1.call(InternalInjectorCreator.java:204) [com.google.inject_3.0.0.v201203062045.jar:na]
	at com.google.inject.internal.InternalInjectorCreator$1.call(InternalInjectorCreator.java:198) [com.google.inject_3.0.0.v201203062045.jar:na]
	at com.google.inject.internal.InjectorImpl.callInContext(InjectorImpl.java:1024) [com.google.inject_3.0.0.v201203062045.jar:na]
	at com.google.inject.internal.InternalInjectorCreator.loadEagerSingletons(InternalInjectorCreator.java:198) [com.google.inject_3.0.0.v201203062045.jar:na]
	at com.google.inject.internal.InternalInjectorCreator.injectDynamically(InternalInjectorCreator.java:179) [com.google.inject_3.0.0.v201203062045.jar:na]
	at com.google.inject.internal.InternalInjectorCreator.build(InternalInjectorCreator.java:109) [com.google.inject_3.0.0.v201203062045.jar:na]
	at com.google.inject.Guice.createInjector(Guice.java:95) [com.google.inject_3.0.0.v201203062045.jar:na]
	at com.google.inject.Guice.createInjector(Guice.java:72) [com.google.inject_3.0.0.v201203062045.jar:na]
	at org.eclipse.recommenders.injection.InjectionService.getInjector(InjectionService.java:47) [org.eclipse.recommenders.injection_1.0.5.v20130822-0858-b90.jar:na]
	at org.eclipse.recommenders.injection.ExtensionFactory.<init>(ExtensionFactory.java:28) [org.eclipse.recommenders.injection_1.0.5.v20130822-0858-b90.jar:na]
	at sun.reflect.NativeConstructorAccessorImpl.newInstance0(Native Method) [na:1.8.0_121]
	at sun.reflect.NativeConstructorAccessorImpl.newInstance(Unknown Source) [na:1.8.0_121]
	at sun.reflect.DelegatingConstructorAccessorImpl.newInstance(Unknown Source) [na:1.8.0_121]
	at java.lang.reflect.Constructor.newInstance(Unknown Source) [na:1.8.0_121]
	at java.lang.Class.newInstance(Unknown Source) [na:1.8.0_121]
	at org.eclipse.core.internal.registry.osgi.RegistryStrategyOSGI.createExecutableExtension(RegistryStrategyOSGI.java:184) [org.eclipse.equinox.registry_3.5.301.v20130717-1549.jar:na]
	at org.eclipse.core.internal.registry.ExtensionRegistry.createExecutableExtension(ExtensionRegistry.java:905) [org.eclipse.equinox.registry_3.5.301.v20130717-1549.jar:na]
	at org.eclipse.core.internal.registry.ConfigurationElement.createExecutableExtension(ConfigurationElement.java:243) [org.eclipse.equinox.registry_3.5.301.v20130717-1549.jar:na]
	at org.eclipse.core.internal.registry.ConfigurationElementHandle.createExecutableExtension(ConfigurationElementHandle.java:55) [org.eclipse.equinox.registry_3.5.301.v20130717-1549.jar:na]
	at org.eclipse.jdt.internal.ui.text.java.CompletionProposalComputerDescriptor.createComputer(CompletionProposalComputerDescriptor.java:308) [org.eclipse.jdt.ui_3.9.1.v20130820-1427.jar:na]
	at org.eclipse.jdt.internal.ui.text.java.CompletionProposalComputerDescriptor.getComputer(CompletionProposalComputerDescriptor.java:275) [org.eclipse.jdt.ui_3.9.1.v20130820-1427.jar:na]
	at org.eclipse.jdt.internal.ui.text.java.CompletionProposalComputerDescriptor.sessionStarted(CompletionProposalComputerDescriptor.java:418) [org.eclipse.jdt.ui_3.9.1.v20130820-1427.jar:na]
	at org.eclipse.jdt.internal.ui.text.java.CompletionProposalCategory.sessionStarted(CompletionProposalCategory.java:384) [org.eclipse.jdt.ui_3.9.1.v20130820-1427.jar:na]
	at org.eclipse.jdt.internal.ui.text.java.ContentAssistProcessor$CompletionListener.assistSessionStarted(ContentAssistProcessor.java:119) [org.eclipse.jdt.ui_3.9.1.v20130820-1427.jar:na]
	at org.eclipse.jface.text.contentassist.ContentAssistant.fireSessionBeginEvent(ContentAssistant.java:2221) [org.eclipse.jface.text_3.8.101.v20130802-1147.jar:na]
	at org.eclipse.jface.text.contentassist.ContentAssistant.prepareToShowCompletions(ContentAssistant.java:1696) [org.eclipse.jface.text_3.8.101.v20130802-1147.jar:na]
	at org.eclipse.jface.text.contentassist.ContentAssistant.showPossibleCompletions(ContentAssistant.java:1661) [org.eclipse.jface.text_3.8.101.v20130802-1147.jar:na]
	at org.eclipse.jdt.internal.ui.javaeditor.CompilationUnitEditor$AdaptedSourceViewer.doOperation(CompilationUnitEditor.java:183) [org.eclipse.jdt.ui_3.9.1.v20130820-1427.jar:na]
	at org.eclipse.ui.texteditor.ContentAssistAction$1.run(ContentAssistAction.java:82) [org.eclipse.ui.workbench.texteditor_3.8.101.v20130729-1318.jar:na]
	at org.eclipse.swt.custom.BusyIndicator.showWhile(BusyIndicator.java:70) [org.eclipse.swt.win32.win32.x86_64_3.102.1.v20130827-2048.jar:na]
	at org.eclipse.ui.texteditor.ContentAssistAction.run(ContentAssistAction.java:80) [org.eclipse.ui.workbench.texteditor_3.8.101.v20130729-1318.jar:na]
	at org.eclipse.jface.action.Action.runWithEvent(Action.java:499) [org.eclipse.jface_3.9.1.v20130725-1141.jar:na]
	at org.eclipse.jface.commands.ActionHandler.execute(ActionHandler.java:119) [org.eclipse.jface_3.9.1.v20130725-1141.jar:na]
	at org.eclipse.ui.internal.handlers.E4HandlerProxy.execute(E4HandlerProxy.java:90) [org.eclipse.ui.workbench_3.105.1.v20130821-1411.jar:na]
	at sun.reflect.GeneratedMethodAccessor27.invoke(Unknown Source) ~[na:na]
	at sun.reflect.DelegatingMethodAccessorImpl.invoke(Unknown Source) ~[na:1.8.0_121]
	at java.lang.reflect.Method.invoke(Unknown Source) ~[na:1.8.0_121]
	at org.eclipse.e4.core.internal.di.MethodRequestor.execute(MethodRequestor.java:56) [org.eclipse.e4.core.di_1.3.0.v20130514-1256.jar:na]
	at org.eclipse.e4.core.internal.di.InjectorImpl.invokeUsingClass(InjectorImpl.java:243) [org.eclipse.e4.core.di_1.3.0.v20130514-1256.jar:na]
	at org.eclipse.e4.core.internal.di.InjectorImpl.invoke(InjectorImpl.java:224) [org.eclipse.e4.core.di_1.3.0.v20130514-1256.jar:na]
	at org.eclipse.e4.core.contexts.ContextInjectionFactory.invoke(ContextInjectionFactory.java:132) [org.eclipse.e4.core.contexts_1.3.1.v20130905-0905.jar:na]
	at org.eclipse.e4.core.commands.internal.HandlerServiceHandler.execute(HandlerServiceHandler.java:167) [org.eclipse.e4.core.commands_0.10.2.v20130515-1857.jar:na]
	at org.eclipse.core.commands.Command.executeWithChecks(Command.java:499) [org.eclipse.core.commands_3.6.100.v20130515-1857.jar:na]
	at org.eclipse.core.commands.ParameterizedCommand.executeWithChecks(ParameterizedCommand.java:508) [org.eclipse.core.commands_3.6.100.v20130515-1857.jar:na]
	at org.eclipse.e4.core.commands.internal.HandlerServiceImpl.executeHandler(HandlerServiceImpl.java:213) [org.eclipse.e4.core.commands_0.10.2.v20130515-1857.jar:na]
	at org.eclipse.e4.ui.bindings.keys.KeyBindingDispatcher.executeCommand(KeyBindingDispatcher.java:285) [org.eclipse.e4.ui.bindings_0.10.101.v20130801-2002.jar:na]
	at org.eclipse.e4.ui.bindings.keys.KeyBindingDispatcher.press(KeyBindingDispatcher.java:504) [org.eclipse.e4.ui.bindings_0.10.101.v20130801-2002.jar:na]
	at org.eclipse.e4.ui.bindings.keys.KeyBindingDispatcher.processKeyEvent(KeyBindingDispatcher.java:555) [org.eclipse.e4.ui.bindings_0.10.101.v20130801-2002.jar:na]
	at org.eclipse.e4.ui.bindings.keys.KeyBindingDispatcher.filterKeySequenceBindings(KeyBindingDispatcher.java:376) [org.eclipse.e4.ui.bindings_0.10.101.v20130801-2002.jar:na]
	at org.eclipse.e4.ui.bindings.keys.KeyBindingDispatcher.access$0(KeyBindingDispatcher.java:322) [org.eclipse.e4.ui.bindings_0.10.101.v20130801-2002.jar:na]
	at org.eclipse.e4.ui.bindings.keys.KeyBindingDispatcher$KeyDownFilter.handleEvent(KeyBindingDispatcher.java:84) [org.eclipse.e4.ui.bindings_0.10.101.v20130801-2002.jar:na]
	at org.eclipse.swt.widgets.EventTable.sendEvent(EventTable.java:84) [org.eclipse.swt.win32.win32.x86_64_3.102.1.v20130827-2048.jar:na]
	at org.eclipse.swt.widgets.Display.filterEvent(Display.java:1262) [org.eclipse.swt.win32.win32.x86_64_3.102.1.v20130827-2048.jar:na]
	at org.eclipse.swt.widgets.Widget.sendEvent(Widget.java:1056) [org.eclipse.swt.win32.win32.x86_64_3.102.1.v20130827-2048.jar:na]
	at org.eclipse.swt.widgets.Widget.sendEvent(Widget.java:1081) [org.eclipse.swt.win32.win32.x86_64_3.102.1.v20130827-2048.jar:na]
	at org.eclipse.swt.widgets.Widget.sendEvent(Widget.java:1066) [org.eclipse.swt.win32.win32.x86_64_3.102.1.v20130827-2048.jar:na]
	at org.eclipse.swt.widgets.Widget.sendKeyEvent(Widget.java:1108) [org.eclipse.swt.win32.win32.x86_64_3.102.1.v20130827-2048.jar:na]
	at org.eclipse.swt.widgets.Widget.sendKeyEvent(Widget.java:1104) [org.eclipse.swt.win32.win32.x86_64_3.102.1.v20130827-2048.jar:na]
	at org.eclipse.swt.widgets.Widget.wmKeyDown(Widget.java:1827) [org.eclipse.swt.win32.win32.x86_64_3.102.1.v20130827-2048.jar:na]
	at org.eclipse.swt.widgets.Control.WM_KEYDOWN(Control.java:4975) [org.eclipse.swt.win32.win32.x86_64_3.102.1.v20130827-2048.jar:na]
	at org.eclipse.swt.widgets.Canvas.WM_KEYDOWN(Canvas.java:429) [org.eclipse.swt.win32.win32.x86_64_3.102.1.v20130827-2048.jar:na]
	at org.eclipse.swt.widgets.Control.windowProc(Control.java:4643) [org.eclipse.swt.win32.win32.x86_64_3.102.1.v20130827-2048.jar:na]
	at org.eclipse.swt.widgets.Canvas.windowProc(Canvas.java:340) [org.eclipse.swt.win32.win32.x86_64_3.102.1.v20130827-2048.jar:na]
	at org.eclipse.swt.widgets.Display.windowProc(Display.java:4990) [org.eclipse.swt.win32.win32.x86_64_3.102.1.v20130827-2048.jar:na]
	at org.eclipse.swt.internal.win32.OS.DispatchMessageW(Native Method) [org.eclipse.swt.win32.win32.x86_64_3.102.1.v20130827-2048.jar:na]
	at org.eclipse.swt.internal.win32.OS.DispatchMessage(OS.java:2549) [org.eclipse.swt.win32.win32.x86_64_3.102.1.v20130827-2048.jar:na]
	at org.eclipse.swt.widgets.Display.readAndDispatch(Display.java:3757) [org.eclipse.swt.win32.win32.x86_64_3.102.1.v20130827-2048.jar:na]
	at org.eclipse.e4.ui.internal.workbench.swt.PartRenderingEngine$9.run(PartRenderingEngine.java:1113) [org.eclipse.e4.ui.workbench.swt_0.12.1.v20130815-1438.jar:na]
	at org.eclipse.core.databinding.observable.Realm.runWithDefault(Realm.java:332) [org.eclipse.core.databinding.observable_1.4.1.v20130515-1857.jar:na]
	at org.eclipse.e4.ui.internal.workbench.swt.PartRenderingEngine.run(PartRenderingEngine.java:997) [org.eclipse.e4.ui.workbench.swt_0.12.1.v20130815-1438.jar:na]
	at org.eclipse.e4.ui.internal.workbench.E4Workbench.createAndRunUI(E4Workbench.java:138) [org.eclipse.e4.ui.workbench_1.0.1.v20130910-2014.jar:na]
	at org.eclipse.ui.internal.Workbench$5.run(Workbench.java:610) [org.eclipse.ui.workbench_3.105.1.v20130821-1411.jar:na]
	at org.eclipse.core.databinding.observable.Realm.runWithDefault(Realm.java:332) [org.eclipse.core.databinding.observable_1.4.1.v20130515-1857.jar:na]
	at org.eclipse.ui.internal.Workbench.createAndRunWorkbench(Workbench.java:567) [org.eclipse.ui.workbench_3.105.1.v20130821-1411.jar:na]
	at org.eclipse.ui.PlatformUI.createAndRunWorkbench(PlatformUI.java:150) [org.eclipse.ui.workbench_3.105.1.v20130821-1411.jar:na]
	at org.eclipse.ui.internal.ide.application.IDEApplication.start(IDEApplication.java:124) [org.eclipse.ui.ide.application_1.0.400.v20130326-1250.jar:na]
	at org.eclipse.equinox.internal.app.EclipseAppHandle.run(EclipseAppHandle.java:196) [org.eclipse.equinox.app_1.3.100.v20130327-1442.jar:na]
	at org.eclipse.core.runtime.internal.adaptor.EclipseAppLauncher.runApplication(EclipseAppLauncher.java:110) [org.eclipse.osgi_3.9.1.v20130814-1242.jar:na]
	at org.eclipse.core.runtime.internal.adaptor.EclipseAppLauncher.start(EclipseAppLauncher.java:79) [org.eclipse.osgi_3.9.1.v20130814-1242.jar:na]
	at org.eclipse.core.runtime.adaptor.EclipseStarter.run(EclipseStarter.java:354) [org.eclipse.osgi_3.9.1.v20130814-1242.jar:na]
	at org.eclipse.core.runtime.adaptor.EclipseStarter.run(EclipseStarter.java:181) [org.eclipse.osgi_3.9.1.v20130814-1242.jar:na]
	at sun.reflect.NativeMethodAccessorImpl.invoke0(Native Method) ~[na:1.8.0_121]
	at sun.reflect.NativeMethodAccessorImpl.invoke(Unknown Source) ~[na:1.8.0_121]
	at sun.reflect.DelegatingMethodAccessorImpl.invoke(Unknown Source) ~[na:1.8.0_121]
	at java.lang.reflect.Method.invoke(Unknown Source) ~[na:1.8.0_121]
	at org.eclipse.equinox.launcher.Main.invokeFramework(Main.java:636) [org.eclipse.equinox.launcher_1.3.0.v20130327-1440.jar:na]
	at org.eclipse.equinox.launcher.Main.basicRun(Main.java:591) [org.eclipse.equinox.launcher_1.3.0.v20130327-1440.jar:na]
	at org.eclipse.equinox.launcher.Main.run(Main.java:1450) [org.eclipse.equinox.launcher_1.3.0.v20130327-1440.jar:na]
2022-09-26 14:47:45,258 [Worker-12] WARN  o.e.r.i.rcp.repo.ModelRepository - 'remote-models (http://download.eclipse.org/recommenders/models/kepler/, releases+snapshots)' did not send ETAG header for 'org.eclipse.recommenders:index:pom:0.0.0'.
2022-09-26 14:47:45,273 [Worker-12] WARN  o.e.r.i.r.repo.UpdateModelIndexJob - Couldn't download search index. No (direct) internet connection? Need a proxy?
java.lang.NullPointerException: null
	at org.sonatype.aether.impl.internal.DefaultRepositorySystem.resolveDependencies(DefaultRepositorySystem.java:352) ~[aether-impl-1.13.1.jar:na]
	at org.eclipse.recommenders.internal.rcp.repo.ModelRepository.resolve(ModelRepository.java:226) ~[org.eclipse.recommenders.rcp_1.0.5.v20130822-0858-b90.jar:na]
	at org.eclipse.recommenders.internal.rcp.repo.UpdateModelIndexJob.downloadAndUnzipIndex(UpdateModelIndexJob.java:70) [org.eclipse.recommenders.rcp_1.0.5.v20130822-0858-b90.jar:na]
	at org.eclipse.recommenders.internal.rcp.repo.UpdateModelIndexJob.run(UpdateModelIndexJob.java:48) [org.eclipse.recommenders.rcp_1.0.5.v20130822-0858-b90.jar:na]
	at org.eclipse.core.internal.jobs.Worker.run(Worker.java:53) [org.eclipse.core.jobs_3.5.300.v20130429-1813.jar:na]
2022-09-26 14:47:45,273 [Worker-12] ERROR o.e.r.i.r.repo.ModelRepositoryIndex - Failed to open search index.
org.apache.lucene.index.IndexNotFoundException: no segments* file found in org.apache.lucene.store.MMapDirectory@D:\LMS\.metadata\.plugins\org.eclipse.recommenders.rcp\index lockFactory=org.apache.lucene.store.NativeFSLockFactory@117b5cfe: files: []
	at org.apache.lucene.index.SegmentInfos$FindSegmentsFile.run(SegmentInfos.java:712) ~[org.apache.lucene.core_3.5.0.v20120725-1805.jar:3.5.0 1204988 - simon - 2011-11-22 14:46:51]
	at org.apache.lucene.index.DirectoryReader.open(DirectoryReader.java:75) ~[org.apache.lucene.core_3.5.0.v20120725-1805.jar:3.5.0 1204988 - simon - 2011-11-22 14:46:51]
	at org.apache.lucene.index.IndexReader.open(IndexReader.java:462) ~[org.apache.lucene.core_3.5.0.v20120725-1805.jar:3.5.0 1204988 - simon - 2011-11-22 14:46:51]
	at org.apache.lucene.index.IndexReader.open(IndexReader.java:308) ~[org.apache.lucene.core_3.5.0.v20120725-1805.jar:3.5.0 1204988 - simon - 2011-11-22 14:46:51]
	at org.eclipse.recommenders.internal.rcp.repo.ModelRepositoryIndex.open(ModelRepositoryIndex.java:64) ~[org.eclipse.recommenders.rcp_1.0.5.v20130822-0858-b90.jar:na]
	at org.eclipse.recommenders.internal.rcp.repo.UpdateModelIndexJob.run(UpdateModelIndexJob.java:57) [org.eclipse.recommenders.rcp_1.0.5.v20130822-0858-b90.jar:na]
	at org.eclipse.core.internal.jobs.Worker.run(Worker.java:53) [org.eclipse.core.jobs_3.5.300.v20130429-1813.jar:na]
2022-09-30 09:40:10,031 [Worker-3] INFO  o.e.m.c.i.i.nexus.NexusIndexManager - Updating index for repository: central|http://repo.maven.apache.org/maven2
2022-09-30 09:40:10,105 [Worker-3] INFO  c.n.h.c.p.n.NettyAsyncHttpProvider - Number of application's worked threads is 16
2022-09-30 09:40:11,934 [Worker-3] ERROR o.e.m.c.i.i.nexus.NexusIndexManager - Unable to update index for central|http://repo.maven.apache.org/maven2
java.io.IOException: Server returned status code 501: HTTPS Required
	at org.eclipse.m2e.core.internal.index.nexus.AsyncFetcher$PipedErrorInputStream.checkError(AsyncFetcher.java:250) ~[org.eclipse.m2e.core_1.4.0.20130601-0317.jar:na]
	at org.eclipse.m2e.core.internal.index.nexus.AsyncFetcher$PipedErrorInputStream.read(AsyncFetcher.java:258) ~[org.eclipse.m2e.core_1.4.0.20130601-0317.jar:na]
	at java.io.PipedInputStream.read(Unknown Source) ~[na:1.8.0_121]
	at java.io.InputStream.read(Unknown Source) ~[na:1.8.0_121]
	at java.util.Properties$LineReader.readLine(Unknown Source) ~[na:1.8.0_121]
	at java.util.Properties.load0(Unknown Source) ~[na:1.8.0_121]
	at java.util.Properties.load(Unknown Source) ~[na:1.8.0_121]
	at org.apache.maven.index.updater.DefaultIndexUpdater.downloadIndexProperties(DefaultIndexUpdater.java:457) ~[indexer-core-3.1.0.jar:3.1.0]
	at org.apache.maven.index.updater.DefaultIndexUpdater.access$100(DefaultIndexUpdater.java:75) ~[indexer-core-3.1.0.jar:3.1.0]
	at org.apache.maven.index.updater.DefaultIndexUpdater$IndexAdaptor.setProperties(DefaultIndexUpdater.java:607) ~[indexer-core-3.1.0.jar:3.1.0]
	at org.apache.maven.index.updater.DefaultIndexUpdater.fetchAndUpdateIndex(DefaultIndexUpdater.java:788) ~[indexer-core-3.1.0.jar:3.1.0]
	at org.apache.maven.index.updater.DefaultIndexUpdater.fetchAndUpdateIndex(DefaultIndexUpdater.java:135) ~[indexer-core-3.1.0.jar:3.1.0]
	at org.eclipse.m2e.core.internal.index.nexus.NexusIndexManager.updateRemoteIndex(NexusIndexManager.java:1126) [org.eclipse.m2e.core_1.4.0.20130601-0317.jar:na]
	at org.eclipse.m2e.core.internal.index.nexus.NexusIndexManager.updateIndex(NexusIndexManager.java:1083) [org.eclipse.m2e.core_1.4.0.20130601-0317.jar:na]
	at org.eclipse.m2e.core.internal.index.nexus.NexusIndexManager$1.run(NexusIndexManager.java:660) [org.eclipse.m2e.core_1.4.0.20130601-0317.jar:na]
	at org.eclipse.m2e.core.internal.index.nexus.IndexUpdaterJob.run(IndexUpdaterJob.java:72) [org.eclipse.m2e.core_1.4.0.20130601-0317.jar:na]
	at org.eclipse.core.internal.jobs.Worker.run(Worker.java:53) [org.eclipse.core.jobs_3.5.300.v20130429-1813.jar:na]
java.io.IOException: Server returned status code 501: HTTPS Required
	at org.eclipse.m2e.core.internal.index.nexus.AsyncFetcher$MonitorListener.onStatus(AsyncFetcher.java:280) ~[na:na]
	at com.ning.http.client.SimpleAsyncHttpClient$BodyConsumerAsyncHandler.fireStatus(SimpleAsyncHttpClient.java:828) ~[na:na]
	at com.ning.http.client.SimpleAsyncHttpClient$BodyConsumerAsyncHandler.onStatusReceived(SimpleAsyncHttpClient.java:779) ~[na:na]
	at com.ning.http.client.providers.netty.NettyAsyncHttpProvider.updateStatusAndInterrupt(NettyAsyncHttpProvider.java:1587) ~[na:na]
	at com.ning.http.client.providers.netty.NettyAsyncHttpProvider.messageReceived(NettyAsyncHttpProvider.java:1242) ~[na:na]
	at org.jboss.netty.channel.SimpleChannelUpstreamHandler.handleUpstream(SimpleChannelUpstreamHandler.java:80) ~[na:na]
	at org.jboss.netty.channel.DefaultChannelPipeline.sendUpstream(DefaultChannelPipeline.java:564) ~[na:na]
	at org.jboss.netty.channel.DefaultChannelPipeline$DefaultChannelHandlerContext.sendUpstream(DefaultChannelPipeline.java:783) ~[na:na]
	at org.jboss.netty.handler.stream.ChunkedWriteHandler.handleUpstream(ChunkedWriteHandler.java:149) ~[na:na]
	at org.jboss.netty.channel.DefaultChannelPipeline.sendUpstream(DefaultChannelPipeline.java:564) ~[na:na]
	at org.jboss.netty.channel.DefaultChannelPipeline$DefaultChannelHandlerContext.sendUpstream(DefaultChannelPipeline.java:783) ~[na:na]
	at org.jboss.netty.handler.codec.http.HttpContentDecoder.messageReceived(HttpContentDecoder.java:104) ~[na:na]
	at org.jboss.netty.channel.SimpleChannelUpstreamHandler.handleUpstream(SimpleChannelUpstreamHandler.java:80) ~[na:na]
	at org.jboss.netty.channel.DefaultChannelPipeline.sendUpstream(DefaultChannelPipeline.java:564) ~[na:na]
	at org.jboss.netty.channel.DefaultChannelPipeline$DefaultChannelHandlerContext.sendUpstream(DefaultChannelPipeline.java:783) ~[na:na]
	at org.jboss.netty.channel.Channels.fireMessageReceived(Channels.java:302) ~[na:na]
	at org.jboss.netty.handler.codec.replay.ReplayingDecoder.unfoldAndFireMessageReceived(ReplayingDecoder.java:522) ~[na:na]
	at org.jboss.netty.handler.codec.replay.ReplayingDecoder.callDecode(ReplayingDecoder.java:506) ~[na:na]
	at org.jboss.netty.handler.codec.replay.ReplayingDecoder.messageReceived(ReplayingDecoder.java:443) ~[na:na]
	at org.jboss.netty.channel.SimpleChannelUpstreamHandler.handleUpstream(SimpleChannelUpstreamHandler.java:80) ~[na:na]
	at org.jboss.netty.handler.codec.http.HttpClientCodec.handleUpstream(HttpClientCodec.java:77) ~[na:na]
	at org.jboss.netty.channel.DefaultChannelPipeline.sendUpstream(DefaultChannelPipeline.java:564) ~[na:na]
	at org.jboss.netty.channel.DefaultChannelPipeline.sendUpstream(DefaultChannelPipeline.java:559) ~[na:na]
	at org.jboss.netty.channel.Channels.fireMessageReceived(Channels.java:274) ~[na:na]
	at org.jboss.netty.channel.Channels.fireMessageReceived(Channels.java:261) ~[na:na]
	at org.jboss.netty.channel.socket.nio.NioWorker.read(NioWorker.java:349) ~[na:na]
	at org.jboss.netty.channel.socket.nio.NioWorker.processSelectedKeys(NioWorker.java:280) ~[na:na]
	at org.jboss.netty.channel.socket.nio.NioWorker.run(NioWorker.java:200) ~[na:na]
	at org.jboss.netty.util.ThreadRenamingRunnable.run(ThreadRenamingRunnable.java:108) ~[na:na]
	at org.jboss.netty.util.internal.DeadLockProofWorker$1.run(DeadLockProofWorker.java:44) ~[na:na]
	at java.util.concurrent.ThreadPoolExecutor.runWorker(Unknown Source) ~[na:1.8.0_121]
	at java.util.concurrent.ThreadPoolExecutor$Worker.run(Unknown Source) ~[na:1.8.0_121]
	at java.lang.Thread.run(Unknown Source) ~[na:1.8.0_121]
2022-09-30 12:06:30,000 [Worker-3] INFO  o.e.m.c.i.i.nexus.NexusIndexManager - Updating index for repository: central|http://repo.maven.apache.org/maven2
2022-09-30 12:06:30,080 [Worker-3] INFO  c.n.h.c.p.n.NettyAsyncHttpProvider - Number of application's worked threads is 16
2022-09-30 12:06:30,703 [Worker-3] ERROR o.e.m.c.i.i.nexus.NexusIndexManager - Unable to update index for central|http://repo.maven.apache.org/maven2
java.io.IOException: Server returned status code 501: HTTPS Required
	at org.eclipse.m2e.core.internal.index.nexus.AsyncFetcher$PipedErrorInputStream.checkError(AsyncFetcher.java:250) ~[org.eclipse.m2e.core_1.4.0.20130601-0317.jar:na]
	at org.eclipse.m2e.core.internal.index.nexus.AsyncFetcher$PipedErrorInputStream.read(AsyncFetcher.java:258) ~[org.eclipse.m2e.core_1.4.0.20130601-0317.jar:na]
	at java.io.PipedInputStream.read(Unknown Source) ~[na:1.8.0_121]
	at java.io.InputStream.read(Unknown Source) ~[na:1.8.0_121]
	at java.util.Properties$LineReader.readLine(Unknown Source) ~[na:1.8.0_121]
	at java.util.Properties.load0(Unknown Source) ~[na:1.8.0_121]
	at java.util.Properties.load(Unknown Source) ~[na:1.8.0_121]
	at org.apache.maven.index.updater.DefaultIndexUpdater.downloadIndexProperties(DefaultIndexUpdater.java:457) ~[indexer-core-3.1.0.jar:3.1.0]
	at org.apache.maven.index.updater.DefaultIndexUpdater.access$100(DefaultIndexUpdater.java:75) ~[indexer-core-3.1.0.jar:3.1.0]
	at org.apache.maven.index.updater.DefaultIndexUpdater$IndexAdaptor.setProperties(DefaultIndexUpdater.java:607) ~[indexer-core-3.1.0.jar:3.1.0]
	at org.apache.maven.index.updater.DefaultIndexUpdater.fetchAndUpdateIndex(DefaultIndexUpdater.java:788) ~[indexer-core-3.1.0.jar:3.1.0]
	at org.apache.maven.index.updater.DefaultIndexUpdater.fetchAndUpdateIndex(DefaultIndexUpdater.java:135) ~[indexer-core-3.1.0.jar:3.1.0]
	at org.eclipse.m2e.core.internal.index.nexus.NexusIndexManager.updateRemoteIndex(NexusIndexManager.java:1126) [org.eclipse.m2e.core_1.4.0.20130601-0317.jar:na]
	at org.eclipse.m2e.core.internal.index.nexus.NexusIndexManager.updateIndex(NexusIndexManager.java:1083) [org.eclipse.m2e.core_1.4.0.20130601-0317.jar:na]
	at org.eclipse.m2e.core.internal.index.nexus.NexusIndexManager$1.run(NexusIndexManager.java:660) [org.eclipse.m2e.core_1.4.0.20130601-0317.jar:na]
	at org.eclipse.m2e.core.internal.index.nexus.IndexUpdaterJob.run(IndexUpdaterJob.java:72) [org.eclipse.m2e.core_1.4.0.20130601-0317.jar:na]
	at org.eclipse.core.internal.jobs.Worker.run(Worker.java:53) [org.eclipse.core.jobs_3.5.300.v20130429-1813.jar:na]
java.io.IOException: Server returned status code 501: HTTPS Required
	at org.eclipse.m2e.core.internal.index.nexus.AsyncFetcher$MonitorListener.onStatus(AsyncFetcher.java:280) ~[na:na]
	at com.ning.http.client.SimpleAsyncHttpClient$BodyConsumerAsyncHandler.fireStatus(SimpleAsyncHttpClient.java:828) ~[na:na]
	at com.ning.http.client.SimpleAsyncHttpClient$BodyConsumerAsyncHandler.onStatusReceived(SimpleAsyncHttpClient.java:779) ~[na:na]
	at com.ning.http.client.providers.netty.NettyAsyncHttpProvider.updateStatusAndInterrupt(NettyAsyncHttpProvider.java:1587) ~[na:na]
	at com.ning.http.client.providers.netty.NettyAsyncHttpProvider.messageReceived(NettyAsyncHttpProvider.java:1242) ~[na:na]
	at org.jboss.netty.channel.SimpleChannelUpstreamHandler.handleUpstream(SimpleChannelUpstreamHandler.java:80) ~[na:na]
	at org.jboss.netty.channel.DefaultChannelPipeline.sendUpstream(DefaultChannelPipeline.java:564) ~[na:na]
	at org.jboss.netty.channel.DefaultChannelPipeline$DefaultChannelHandlerContext.sendUpstream(DefaultChannelPipeline.java:783) ~[na:na]
	at org.jboss.netty.handler.stream.ChunkedWriteHandler.handleUpstream(ChunkedWriteHandler.java:149) ~[na:na]
	at org.jboss.netty.channel.DefaultChannelPipeline.sendUpstream(DefaultChannelPipeline.java:564) ~[na:na]
	at org.jboss.netty.channel.DefaultChannelPipeline$DefaultChannelHandlerContext.sendUpstream(DefaultChannelPipeline.java:783) ~[na:na]
	at org.jboss.netty.handler.codec.http.HttpContentDecoder.messageReceived(HttpContentDecoder.java:104) ~[na:na]
	at org.jboss.netty.channel.SimpleChannelUpstreamHandler.handleUpstream(SimpleChannelUpstreamHandler.java:80) ~[na:na]
	at org.jboss.netty.channel.DefaultChannelPipeline.sendUpstream(DefaultChannelPipeline.java:564) ~[na:na]
	at org.jboss.netty.channel.DefaultChannelPipeline$DefaultChannelHandlerContext.sendUpstream(DefaultChannelPipeline.java:783) ~[na:na]
	at org.jboss.netty.channel.Channels.fireMessageReceived(Channels.java:302) ~[na:na]
	at org.jboss.netty.handler.codec.replay.ReplayingDecoder.unfoldAndFireMessageReceived(ReplayingDecoder.java:522) ~[na:na]
	at org.jboss.netty.handler.codec.replay.ReplayingDecoder.callDecode(ReplayingDecoder.java:506) ~[na:na]
	at org.jboss.netty.handler.codec.replay.ReplayingDecoder.messageReceived(ReplayingDecoder.java:443) ~[na:na]
	at org.jboss.netty.channel.SimpleChannelUpstreamHandler.handleUpstream(SimpleChannelUpstreamHandler.java:80) ~[na:na]
	at org.jboss.netty.handler.codec.http.HttpClientCodec.handleUpstream(HttpClientCodec.java:77) ~[na:na]
	at org.jboss.netty.channel.DefaultChannelPipeline.sendUpstream(DefaultChannelPipeline.java:564) ~[na:na]
	at org.jboss.netty.channel.DefaultChannelPipeline.sendUpstream(DefaultChannelPipeline.java:559) ~[na:na]
	at org.jboss.netty.channel.Channels.fireMessageReceived(Channels.java:274) ~[na:na]
	at org.jboss.netty.channel.Channels.fireMessageReceived(Channels.java:261) ~[na:na]
	at org.jboss.netty.channel.socket.nio.NioWorker.read(NioWorker.java:349) ~[na:na]
	at org.jboss.netty.channel.socket.nio.NioWorker.processSelectedKeys(NioWorker.java:280) ~[na:na]
	at org.jboss.netty.channel.socket.nio.NioWorker.run(NioWorker.java:200) ~[na:na]
	at org.jboss.netty.util.ThreadRenamingRunnable.run(ThreadRenamingRunnable.java:108) ~[na:na]
	at org.jboss.netty.util.internal.DeadLockProofWorker$1.run(DeadLockProofWorker.java:44) ~[na:na]
	at java.util.concurrent.ThreadPoolExecutor.runWorker(Unknown Source) ~[na:1.8.0_121]
	at java.util.concurrent.ThreadPoolExecutor$Worker.run(Unknown Source) ~[na:1.8.0_121]
	at java.lang.Thread.run(Unknown Source) ~[na:1.8.0_121]
2022-09-30 12:07:11,824 [Worker-3] INFO  c.n.h.c.p.n.NettyAsyncHttpProvider - Number of application's worked threads is 16
2022-09-30 12:07:15,068 [Worker-4] INFO  c.n.h.c.p.n.NettyAsyncHttpProvider - Number of application's worked threads is 16
2022-09-30 12:07:43,451 [ModalContext] INFO  c.n.h.c.p.n.NettyAsyncHttpProvider - Number of application's worked threads is 16
2022-09-30 12:08:02,103 [ModalContext] INFO  c.n.h.c.p.n.NettyAsyncHttpProvider - Number of application's worked threads is 16
2022-09-30 12:08:03,018 [New I/O client worker #5-1] INFO  o.e.m.c.i.e.AbstractTransferListenerAdapter - Downloading https://repo.maven.apache.org/maven2/org/glassfish/jersey/archetypes/jersey-quickstart-webapp/3.1.0-M8/jersey-quickstart-webapp-3.1.0-M8.jar
2022-09-30 12:08:03,023 [New I/O client worker #5-1] INFO  o.e.m.c.i.e.AbstractTransferListenerAdapter - Downloaded https://repo.maven.apache.org/maven2/org/glassfish/jersey/archetypes/jersey-quickstart-webapp/3.1.0-M8/jersey-quickstart-webapp-3.1.0-M8.jar
2022-09-30 12:19:48,478 [Worker-1] INFO  c.n.h.c.p.n.NettyAsyncHttpProvider - Number of application's worked threads is 16
2022-09-30 12:20:08,229 [Worker-1] INFO  c.n.h.c.p.n.NettyAsyncHttpProvider - Number of application's worked threads is 16
2022-09-30 12:20:09,100 [New I/O client worker #7-1] INFO  o.e.m.c.i.e.AbstractTransferListenerAdapter - Downloading https://repo.maven.apache.org/maven2/org/glassfish/jersey/archetypes/jersey-quickstart-webapp/3.1.0-M8/jersey-quickstart-webapp-3.1.0-M8.pom
2022-09-30 12:20:09,100 [New I/O client worker #7-1] INFO  o.e.m.c.i.e.AbstractTransferListenerAdapter - Downloaded https://repo.maven.apache.org/maven2/org/glassfish/jersey/archetypes/jersey-quickstart-webapp/3.1.0-M8/jersey-quickstart-webapp-3.1.0-M8.pom
2022-09-30 12:20:09,395 [Worker-1] INFO  o.e.m.c.i.p.ProjectConfigurationManager - Collecting project info '/pom.xml' D:\LMS\Demo\pom.xml
2022-09-30 12:20:09,443 [Worker-1] INFO  c.n.h.c.p.n.NettyAsyncHttpProvider - Number of application's worked threads is 16
2022-09-30 12:20:09,902 [New I/O client worker #8-1] INFO  o.e.m.c.i.e.AbstractTransferListenerAdapter - Downloaded http://repo.maven.apache.org/maven2/org/glassfish/jersey/jersey-bom/3.1.0-M8/jersey-bom-3.1.0-M8.pom
2022-09-30 12:20:10,120 [Worker-1] INFO  c.n.h.c.p.n.NettyAsyncHttpProvider - Number of application's worked threads is 16
2022-09-30 12:20:10,560 [New I/O client worker #9-1] INFO  o.e.m.c.i.e.AbstractTransferListenerAdapter - Downloaded http://repo.maven.apache.org/maven2/org/apache/maven/plugins/maven-clean-plugin/2.4.1/maven-clean-plugin-2.4.1.jar
2022-09-30 12:20:10,570 [Worker-1] INFO  c.n.h.c.p.n.NettyAsyncHttpProvider - Number of application's worked threads is 16
2022-09-30 12:20:10,987 [New I/O client worker #10-1] INFO  o.e.m.c.i.e.AbstractTransferListenerAdapter - Downloaded http://repo.maven.apache.org/maven2/org/apache/maven/plugins/maven-resources-plugin/2.5/maven-resources-plugin-2.5.jar
2022-09-30 12:20:11,003 [Worker-1] INFO  c.n.h.c.p.n.NettyAsyncHttpProvider - Number of application's worked threads is 16
2022-09-30 12:20:11,420 [New I/O client worker #11-1] INFO  o.e.m.c.i.e.AbstractTransferListenerAdapter - Downloaded http://repo.maven.apache.org/maven2/org/apache/maven/plugins/maven-compiler-plugin/3.8.1/maven-compiler-plugin-3.8.1.jar
2022-09-30 12:20:11,438 [Worker-1] INFO  c.n.h.c.p.n.NettyAsyncHttpProvider - Number of application's worked threads is 16
2022-09-30 12:20:11,865 [New I/O client worker #12-1] INFO  o.e.m.c.i.e.AbstractTransferListenerAdapter - Downloaded http://repo.maven.apache.org/maven2/org/apache/maven/plugins/maven-surefire-plugin/2.10/maven-surefire-plugin-2.10.jar
2022-09-30 12:20:11,873 [Worker-1] INFO  c.n.h.c.p.n.NettyAsyncHttpProvider - Number of application's worked threads is 16
2022-09-30 12:20:12,320 [New I/O client worker #13-1] INFO  o.e.m.c.i.e.AbstractTransferListenerAdapter - Downloaded http://repo.maven.apache.org/maven2/org/apache/maven/plugins/maven-war-plugin/2.1.1/maven-war-plugin-2.1.1.jar
2022-09-30 12:20:12,335 [Worker-1] INFO  c.n.h.c.p.n.NettyAsyncHttpProvider - Number of application's worked threads is 16
2022-09-30 12:20:12,783 [New I/O client worker #14-1] INFO  o.e.m.c.i.e.AbstractTransferListenerAdapter - Downloaded http://repo.maven.apache.org/maven2/org/apache/maven/plugins/maven-install-plugin/2.3.1/maven-install-plugin-2.3.1.jar
2022-09-30 12:20:12,792 [Worker-1] INFO  c.n.h.c.p.n.NettyAsyncHttpProvider - Number of application's worked threads is 16
2022-09-30 12:20:13,253 [New I/O client worker #15-1] INFO  o.e.m.c.i.e.AbstractTransferListenerAdapter - Downloaded http://repo.maven.apache.org/maven2/org/apache/maven/plugins/maven-deploy-plugin/2.7/maven-deploy-plugin-2.7.jar
2022-09-30 12:20:13,253 [Worker-1] INFO  c.n.h.c.p.n.NettyAsyncHttpProvider - Number of application's worked threads is 16
2022-09-30 12:20:13,700 [New I/O client worker #16-1] INFO  o.e.m.c.i.e.AbstractTransferListenerAdapter - Downloaded http://repo.maven.apache.org/maven2/org/apache/maven/plugins/maven-site-plugin/3.0/maven-site-plugin-3.0.jar
2022-09-30 12:20:13,729 [Worker-1] INFO  c.n.h.c.p.n.NettyAsyncHttpProvider - Number of application's worked threads is 16
2022-09-30 12:20:14,155 [New I/O client worker #17-1] INFO  o.e.m.c.i.e.AbstractTransferListenerAdapter - Downloaded http://repo.maven.apache.org/maven2/org/apache/maven/plugins/maven-compiler-plugin/3.8.1/maven-compiler-plugin-3.8.1.pom
2022-09-30 12:20:14,170 [Worker-1] INFO  o.e.m.c.i.l.LifecycleMappingFactory - Using org.eclipse.m2e.jdt.JarLifecycleMapping lifecycle mapping for MavenProject: infinite:Demo:0.0.1-SNAPSHOT @ D:\LMS\Demo\pom.xml.
2022-09-30 12:20:14,287 [Worker-1] INFO  c.n.h.c.p.n.NettyAsyncHttpProvider - Number of application's worked threads is 16
2022-09-30 12:20:14,756 [New I/O client worker #18-1] INFO  o.e.m.c.i.e.AbstractTransferListenerAdapter - Downloaded http://repo.maven.apache.org/maven2/org/apache/maven/plugins/maven-resources-plugin/2.5/maven-resources-plugin-2.5.pom
2022-09-30 12:20:15,106 [Worker-6] INFO  o.e.m.c.i.l.LifecycleMappingFactory - Using org.eclipse.m2e.jdt.JarLifecycleMapping lifecycle mapping for MavenProject: infinite:Demo:0.0.1-SNAPSHOT @ D:\LMS\Demo\pom.xml.
2022-09-30 14:16:25,659 [Worker-2] INFO  o.e.m.c.i.i.nexus.NexusIndexManager - Updating index for repository: central|http://repo.maven.apache.org/maven2
2022-09-30 14:16:25,707 [Worker-2] INFO  c.n.h.c.p.n.NettyAsyncHttpProvider - Number of application's worked threads is 16
2022-09-30 14:16:26,774 [Worker-2] ERROR o.e.m.c.i.i.nexus.NexusIndexManager - Unable to update index for central|http://repo.maven.apache.org/maven2
java.io.IOException: Server returned status code 501: HTTPS Required
	at org.eclipse.m2e.core.internal.index.nexus.AsyncFetcher$PipedErrorInputStream.checkError(AsyncFetcher.java:250) ~[org.eclipse.m2e.core_1.4.0.20130601-0317.jar:na]
	at org.eclipse.m2e.core.internal.index.nexus.AsyncFetcher$PipedErrorInputStream.read(AsyncFetcher.java:258) ~[org.eclipse.m2e.core_1.4.0.20130601-0317.jar:na]
	at java.io.PipedInputStream.read(Unknown Source) ~[na:1.8.0_121]
	at java.io.InputStream.read(Unknown Source) ~[na:1.8.0_121]
	at java.util.Properties$LineReader.readLine(Unknown Source) ~[na:1.8.0_121]
	at java.util.Properties.load0(Unknown Source) ~[na:1.8.0_121]
	at java.util.Properties.load(Unknown Source) ~[na:1.8.0_121]
	at org.apache.maven.index.updater.DefaultIndexUpdater.downloadIndexProperties(DefaultIndexUpdater.java:457) ~[indexer-core-3.1.0.jar:3.1.0]
	at org.apache.maven.index.updater.DefaultIndexUpdater.access$100(DefaultIndexUpdater.java:75) ~[indexer-core-3.1.0.jar:3.1.0]
	at org.apache.maven.index.updater.DefaultIndexUpdater$IndexAdaptor.setProperties(DefaultIndexUpdater.java:607) ~[indexer-core-3.1.0.jar:3.1.0]
	at org.apache.maven.index.updater.DefaultIndexUpdater.fetchAndUpdateIndex(DefaultIndexUpdater.java:788) ~[indexer-core-3.1.0.jar:3.1.0]
	at org.apache.maven.index.updater.DefaultIndexUpdater.fetchAndUpdateIndex(DefaultIndexUpdater.java:135) ~[indexer-core-3.1.0.jar:3.1.0]
	at org.eclipse.m2e.core.internal.index.nexus.NexusIndexManager.updateRemoteIndex(NexusIndexManager.java:1126) [org.eclipse.m2e.core_1.4.0.20130601-0317.jar:na]
	at org.eclipse.m2e.core.internal.index.nexus.NexusIndexManager.updateIndex(NexusIndexManager.java:1083) [org.eclipse.m2e.core_1.4.0.20130601-0317.jar:na]
	at org.eclipse.m2e.core.internal.index.nexus.NexusIndexManager$1.run(NexusIndexManager.java:660) [org.eclipse.m2e.core_1.4.0.20130601-0317.jar:na]
	at org.eclipse.m2e.core.internal.index.nexus.IndexUpdaterJob.run(IndexUpdaterJob.java:72) [org.eclipse.m2e.core_1.4.0.20130601-0317.jar:na]
	at org.eclipse.core.internal.jobs.Worker.run(Worker.java:53) [org.eclipse.core.jobs_3.5.300.v20130429-1813.jar:na]
java.io.IOException: Server returned status code 501: HTTPS Required
	at org.eclipse.m2e.core.internal.index.nexus.AsyncFetcher$MonitorListener.onStatus(AsyncFetcher.java:280) ~[na:na]
	at com.ning.http.client.SimpleAsyncHttpClient$BodyConsumerAsyncHandler.fireStatus(SimpleAsyncHttpClient.java:828) ~[na:na]
	at com.ning.http.client.SimpleAsyncHttpClient$BodyConsumerAsyncHandler.onStatusReceived(SimpleAsyncHttpClient.java:779) ~[na:na]
	at com.ning.http.client.providers.netty.NettyAsyncHttpProvider.updateStatusAndInterrupt(NettyAsyncHttpProvider.java:1587) ~[na:na]
	at com.ning.http.client.providers.netty.NettyAsyncHttpProvider.messageReceived(NettyAsyncHttpProvider.java:1242) ~[na:na]
	at org.jboss.netty.channel.SimpleChannelUpstreamHandler.handleUpstream(SimpleChannelUpstreamHandler.java:80) ~[na:na]
	at org.jboss.netty.channel.DefaultChannelPipeline.sendUpstream(DefaultChannelPipeline.java:564) ~[na:na]
	at org.jboss.netty.channel.DefaultChannelPipeline$DefaultChannelHandlerContext.sendUpstream(DefaultChannelPipeline.java:783) ~[na:na]
	at org.jboss.netty.handler.stream.ChunkedWriteHandler.handleUpstream(ChunkedWriteHandler.java:149) ~[na:na]
	at org.jboss.netty.channel.DefaultChannelPipeline.sendUpstream(DefaultChannelPipeline.java:564) ~[na:na]
	at org.jboss.netty.channel.DefaultChannelPipeline$DefaultChannelHandlerContext.sendUpstream(DefaultChannelPipeline.java:783) ~[na:na]
	at org.jboss.netty.handler.codec.http.HttpContentDecoder.messageReceived(HttpContentDecoder.java:104) ~[na:na]
	at org.jboss.netty.channel.SimpleChannelUpstreamHandler.handleUpstream(SimpleChannelUpstreamHandler.java:80) ~[na:na]
	at org.jboss.netty.channel.DefaultChannelPipeline.sendUpstream(DefaultChannelPipeline.java:564) ~[na:na]
	at org.jboss.netty.channel.DefaultChannelPipeline$DefaultChannelHandlerContext.sendUpstream(DefaultChannelPipeline.java:783) ~[na:na]
	at org.jboss.netty.channel.Channels.fireMessageReceived(Channels.java:302) ~[na:na]
	at org.jboss.netty.handler.codec.replay.ReplayingDecoder.unfoldAndFireMessageReceived(ReplayingDecoder.java:522) ~[na:na]
	at org.jboss.netty.handler.codec.replay.ReplayingDecoder.callDecode(ReplayingDecoder.java:506) ~[na:na]
	at org.jboss.netty.handler.codec.replay.ReplayingDecoder.messageReceived(ReplayingDecoder.java:443) ~[na:na]
	at org.jboss.netty.channel.SimpleChannelUpstreamHandler.handleUpstream(SimpleChannelUpstreamHandler.java:80) ~[na:na]
	at org.jboss.netty.handler.codec.http.HttpClientCodec.handleUpstream(HttpClientCodec.java:77) ~[na:na]
	at org.jboss.netty.channel.DefaultChannelPipeline.sendUpstream(DefaultChannelPipeline.java:564) ~[na:na]
	at org.jboss.netty.channel.DefaultChannelPipeline.sendUpstream(DefaultChannelPipeline.java:559) ~[na:na]
	at org.jboss.netty.channel.Channels.fireMessageReceived(Channels.java:274) ~[na:na]
	at org.jboss.netty.channel.Channels.fireMessageReceived(Channels.java:261) ~[na:na]
	at org.jboss.netty.channel.socket.nio.NioWorker.read(NioWorker.java:349) ~[na:na]
	at org.jboss.netty.channel.socket.nio.NioWorker.processSelectedKeys(NioWorker.java:280) ~[na:na]
	at org.jboss.netty.channel.socket.nio.NioWorker.run(NioWorker.java:200) ~[na:na]
	at org.jboss.netty.util.ThreadRenamingRunnable.run(ThreadRenamingRunnable.java:108) ~[na:na]
	at org.jboss.netty.util.internal.DeadLockProofWorker$1.run(DeadLockProofWorker.java:44) ~[na:na]
	at java.util.concurrent.ThreadPoolExecutor.runWorker(Unknown Source) ~[na:1.8.0_121]
	at java.util.concurrent.ThreadPoolExecutor$Worker.run(Unknown Source) ~[na:1.8.0_121]
	at java.lang.Thread.run(Unknown Source) ~[na:1.8.0_121]
2022-09-30 14:21:08,419 [Worker-1] INFO  c.n.h.c.p.n.NettyAsyncHttpProvider - Number of application's worked threads is 16
2022-09-30 14:21:42,846 [ModalContext] INFO  c.n.h.c.p.n.NettyAsyncHttpProvider - Number of application's worked threads is 16
2022-09-30 14:22:41,234 [Worker-1] INFO  c.n.h.c.p.n.NettyAsyncHttpProvider - Number of application's worked threads is 16
2022-09-30 14:23:03,049 [Worker-1] INFO  o.e.m.c.i.p.ProjectConfigurationManager - Collecting project info '/pom.xml' D:\LMS\dggdf\pom.xml
2022-09-30 14:23:03,185 [Worker-1] INFO  o.e.m.c.i.l.LifecycleMappingFactory - Using org.eclipse.m2e.jdt.JarLifecycleMapping lifecycle mapping for MavenProject: infinite:dggdf:0.0.1-SNAPSHOT @ D:\LMS\dggdf\pom.xml.
2022-09-30 14:23:04,352 [Worker-0] INFO  o.e.m.c.i.l.LifecycleMappingFactory - Using org.eclipse.m2e.jdt.JarLifecycleMapping lifecycle mapping for MavenProject: infinite:dggdf:0.0.1-SNAPSHOT @ D:\LMS\dggdf\pom.xml.
2022-09-30 15:20:33,284 [Worker-2] INFO  o.e.m.c.i.i.nexus.NexusIndexManager - Updating index for repository: central|http://repo.maven.apache.org/maven2
2022-09-30 15:20:33,407 [Worker-2] INFO  c.n.h.c.p.n.NettyAsyncHttpProvider - Number of application's worked threads is 16
2022-09-30 15:20:33,969 [Worker-2] ERROR o.e.m.c.i.i.nexus.NexusIndexManager - Unable to update index for central|http://repo.maven.apache.org/maven2
java.io.IOException: Server returned status code 501: HTTPS Required
	at org.eclipse.m2e.core.internal.index.nexus.AsyncFetcher$PipedErrorInputStream.checkError(AsyncFetcher.java:250) ~[org.eclipse.m2e.core_1.4.0.20130601-0317.jar:na]
	at org.eclipse.m2e.core.internal.index.nexus.AsyncFetcher$PipedErrorInputStream.read(AsyncFetcher.java:258) ~[org.eclipse.m2e.core_1.4.0.20130601-0317.jar:na]
	at java.io.PipedInputStream.read(Unknown Source) ~[na:1.8.0_121]
	at java.io.InputStream.read(Unknown Source) ~[na:1.8.0_121]
	at java.util.Properties$LineReader.readLine(Unknown Source) ~[na:1.8.0_121]
	at java.util.Properties.load0(Unknown Source) ~[na:1.8.0_121]
	at java.util.Properties.load(Unknown Source) ~[na:1.8.0_121]
	at org.apache.maven.index.updater.DefaultIndexUpdater.downloadIndexProperties(DefaultIndexUpdater.java:457) ~[indexer-core-3.1.0.jar:3.1.0]
	at org.apache.maven.index.updater.DefaultIndexUpdater.access$100(DefaultIndexUpdater.java:75) ~[indexer-core-3.1.0.jar:3.1.0]
	at org.apache.maven.index.updater.DefaultIndexUpdater$IndexAdaptor.setProperties(DefaultIndexUpdater.java:607) ~[indexer-core-3.1.0.jar:3.1.0]
	at org.apache.maven.index.updater.DefaultIndexUpdater.fetchAndUpdateIndex(DefaultIndexUpdater.java:788) ~[indexer-core-3.1.0.jar:3.1.0]
	at org.apache.maven.index.updater.DefaultIndexUpdater.fetchAndUpdateIndex(DefaultIndexUpdater.java:135) ~[indexer-core-3.1.0.jar:3.1.0]
	at org.eclipse.m2e.core.internal.index.nexus.NexusIndexManager.updateRemoteIndex(NexusIndexManager.java:1126) [org.eclipse.m2e.core_1.4.0.20130601-0317.jar:na]
	at org.eclipse.m2e.core.internal.index.nexus.NexusIndexManager.updateIndex(NexusIndexManager.java:1083) [org.eclipse.m2e.core_1.4.0.20130601-0317.jar:na]
	at org.eclipse.m2e.core.internal.index.nexus.NexusIndexManager$1.run(NexusIndexManager.java:660) [org.eclipse.m2e.core_1.4.0.20130601-0317.jar:na]
	at org.eclipse.m2e.core.internal.index.nexus.IndexUpdaterJob.run(IndexUpdaterJob.java:72) [org.eclipse.m2e.core_1.4.0.20130601-0317.jar:na]
	at org.eclipse.core.internal.jobs.Worker.run(Worker.java:53) [org.eclipse.core.jobs_3.5.300.v20130429-1813.jar:na]
java.io.IOException: Server returned status code 501: HTTPS Required
	at org.eclipse.m2e.core.internal.index.nexus.AsyncFetcher$MonitorListener.onStatus(AsyncFetcher.java:280) ~[na:na]
	at com.ning.http.client.SimpleAsyncHttpClient$BodyConsumerAsyncHandler.fireStatus(SimpleAsyncHttpClient.java:828) ~[na:na]
	at com.ning.http.client.SimpleAsyncHttpClient$BodyConsumerAsyncHandler.onStatusReceived(SimpleAsyncHttpClient.java:779) ~[na:na]
	at com.ning.http.client.providers.netty.NettyAsyncHttpProvider.updateStatusAndInterrupt(NettyAsyncHttpProvider.java:1587) ~[na:na]
	at com.ning.http.client.providers.netty.NettyAsyncHttpProvider.messageReceived(NettyAsyncHttpProvider.java:1242) ~[na:na]
	at org.jboss.netty.channel.SimpleChannelUpstreamHandler.handleUpstream(SimpleChannelUpstreamHandler.java:80) ~[na:na]
	at org.jboss.netty.channel.DefaultChannelPipeline.sendUpstream(DefaultChannelPipeline.java:564) ~[na:na]
	at org.jboss.netty.channel.DefaultChannelPipeline$DefaultChannelHandlerContext.sendUpstream(DefaultChannelPipeline.java:783) ~[na:na]
	at org.jboss.netty.handler.stream.ChunkedWriteHandler.handleUpstream(ChunkedWriteHandler.java:149) ~[na:na]
	at org.jboss.netty.channel.DefaultChannelPipeline.sendUpstream(DefaultChannelPipeline.java:564) ~[na:na]
	at org.jboss.netty.channel.DefaultChannelPipeline$DefaultChannelHandlerContext.sendUpstream(DefaultChannelPipeline.java:783) ~[na:na]
	at org.jboss.netty.handler.codec.http.HttpContentDecoder.messageReceived(HttpContentDecoder.java:104) ~[na:na]
	at org.jboss.netty.channel.SimpleChannelUpstreamHandler.handleUpstream(SimpleChannelUpstreamHandler.java:80) ~[na:na]
	at org.jboss.netty.channel.DefaultChannelPipeline.sendUpstream(DefaultChannelPipeline.java:564) ~[na:na]
	at org.jboss.netty.channel.DefaultChannelPipeline$DefaultChannelHandlerContext.sendUpstream(DefaultChannelPipeline.java:783) ~[na:na]
	at org.jboss.netty.channel.Channels.fireMessageReceived(Channels.java:302) ~[na:na]
	at org.jboss.netty.handler.codec.replay.ReplayingDecoder.unfoldAndFireMessageReceived(ReplayingDecoder.java:522) ~[na:na]
	at org.jboss.netty.handler.codec.replay.ReplayingDecoder.callDecode(ReplayingDecoder.java:506) ~[na:na]
	at org.jboss.netty.handler.codec.replay.ReplayingDecoder.messageReceived(ReplayingDecoder.java:443) ~[na:na]
	at org.jboss.netty.channel.SimpleChannelUpstreamHandler.handleUpstream(SimpleChannelUpstreamHandler.java:80) ~[na:na]
	at org.jboss.netty.handler.codec.http.HttpClientCodec.handleUpstream(HttpClientCodec.java:77) ~[na:na]
	at org.jboss.netty.channel.DefaultChannelPipeline.sendUpstream(DefaultChannelPipeline.java:564) ~[na:na]
	at org.jboss.netty.channel.DefaultChannelPipeline.sendUpstream(DefaultChannelPipeline.java:559) ~[na:na]
	at org.jboss.netty.channel.Channels.fireMessageReceived(Channels.java:274) ~[na:na]
	at org.jboss.netty.channel.Channels.fireMessageReceived(Channels.java:261) ~[na:na]
	at org.jboss.netty.channel.socket.nio.NioWorker.read(NioWorker.java:349) ~[na:na]
	at org.jboss.netty.channel.socket.nio.NioWorker.processSelectedKeys(NioWorker.java:280) ~[na:na]
	at org.jboss.netty.channel.socket.nio.NioWorker.run(NioWorker.java:200) ~[na:na]
	at org.jboss.netty.util.ThreadRenamingRunnable.run(ThreadRenamingRunnable.java:108) ~[na:na]
	at org.jboss.netty.util.internal.DeadLockProofWorker$1.run(DeadLockProofWorker.java:44) ~[na:na]
	at java.util.concurrent.ThreadPoolExecutor.runWorker(Unknown Source) ~[na:1.8.0_121]
	at java.util.concurrent.ThreadPoolExecutor$Worker.run(Unknown Source) ~[na:1.8.0_121]
	at java.lang.Thread.run(Unknown Source) ~[na:1.8.0_121]
2022-10-03 00:04:35,890 [Worker-0] INFO  o.e.m.c.i.i.nexus.NexusIndexManager - Updating index for repository: central|http://repo.maven.apache.org/maven2
2022-10-03 00:04:35,950 [Worker-0] INFO  c.n.h.c.p.n.NettyAsyncHttpProvider - Number of application's worked threads is 16
2022-10-03 00:04:36,937 [Worker-0] ERROR o.e.m.c.i.i.nexus.NexusIndexManager - Unable to update index for central|http://repo.maven.apache.org/maven2
java.io.IOException: Server returned status code 501: HTTPS Required
	at org.eclipse.m2e.core.internal.index.nexus.AsyncFetcher$PipedErrorInputStream.checkError(AsyncFetcher.java:250) ~[org.eclipse.m2e.core_1.4.0.20130601-0317.jar:na]
	at org.eclipse.m2e.core.internal.index.nexus.AsyncFetcher$PipedErrorInputStream.read(AsyncFetcher.java:258) ~[org.eclipse.m2e.core_1.4.0.20130601-0317.jar:na]
	at java.io.PipedInputStream.read(Unknown Source) ~[na:1.8.0_121]
	at java.io.InputStream.read(Unknown Source) ~[na:1.8.0_121]
	at java.util.Properties$LineReader.readLine(Unknown Source) ~[na:1.8.0_121]
	at java.util.Properties.load0(Unknown Source) ~[na:1.8.0_121]
	at java.util.Properties.load(Unknown Source) ~[na:1.8.0_121]
	at org.apache.maven.index.updater.DefaultIndexUpdater.downloadIndexProperties(DefaultIndexUpdater.java:457) ~[indexer-core-3.1.0.jar:3.1.0]
	at org.apache.maven.index.updater.DefaultIndexUpdater.access$100(DefaultIndexUpdater.java:75) ~[indexer-core-3.1.0.jar:3.1.0]
	at org.apache.maven.index.updater.DefaultIndexUpdater$IndexAdaptor.setProperties(DefaultIndexUpdater.java:607) ~[indexer-core-3.1.0.jar:3.1.0]
	at org.apache.maven.index.updater.DefaultIndexUpdater.fetchAndUpdateIndex(DefaultIndexUpdater.java:788) ~[indexer-core-3.1.0.jar:3.1.0]
	at org.apache.maven.index.updater.DefaultIndexUpdater.fetchAndUpdateIndex(DefaultIndexUpdater.java:135) ~[indexer-core-3.1.0.jar:3.1.0]
	at org.eclipse.m2e.core.internal.index.nexus.NexusIndexManager.updateRemoteIndex(NexusIndexManager.java:1126) [org.eclipse.m2e.core_1.4.0.20130601-0317.jar:na]
	at org.eclipse.m2e.core.internal.index.nexus.NexusIndexManager.updateIndex(NexusIndexManager.java:1083) [org.eclipse.m2e.core_1.4.0.20130601-0317.jar:na]
	at org.eclipse.m2e.core.internal.index.nexus.NexusIndexManager$1.run(NexusIndexManager.java:660) [org.eclipse.m2e.core_1.4.0.20130601-0317.jar:na]
	at org.eclipse.m2e.core.internal.index.nexus.IndexUpdaterJob.run(IndexUpdaterJob.java:72) [org.eclipse.m2e.core_1.4.0.20130601-0317.jar:na]
	at org.eclipse.core.internal.jobs.Worker.run(Worker.java:53) [org.eclipse.core.jobs_3.5.300.v20130429-1813.jar:na]
java.io.IOException: Server returned status code 501: HTTPS Required
	at org.eclipse.m2e.core.internal.index.nexus.AsyncFetcher$MonitorListener.onStatus(AsyncFetcher.java:280) ~[na:na]
	at com.ning.http.client.SimpleAsyncHttpClient$BodyConsumerAsyncHandler.fireStatus(SimpleAsyncHttpClient.java:828) ~[na:na]
	at com.ning.http.client.SimpleAsyncHttpClient$BodyConsumerAsyncHandler.onStatusReceived(SimpleAsyncHttpClient.java:779) ~[na:na]
	at com.ning.http.client.providers.netty.NettyAsyncHttpProvider.updateStatusAndInterrupt(NettyAsyncHttpProvider.java:1587) ~[na:na]
	at com.ning.http.client.providers.netty.NettyAsyncHttpProvider.messageReceived(NettyAsyncHttpProvider.java:1242) ~[na:na]
	at org.jboss.netty.channel.SimpleChannelUpstreamHandler.handleUpstream(SimpleChannelUpstreamHandler.java:80) ~[na:na]
	at org.jboss.netty.channel.DefaultChannelPipeline.sendUpstream(DefaultChannelPipeline.java:564) ~[na:na]
	at org.jboss.netty.channel.DefaultChannelPipeline$DefaultChannelHandlerContext.sendUpstream(DefaultChannelPipeline.java:783) ~[na:na]
	at org.jboss.netty.handler.stream.ChunkedWriteHandler.handleUpstream(ChunkedWriteHandler.java:149) ~[na:na]
	at org.jboss.netty.channel.DefaultChannelPipeline.sendUpstream(DefaultChannelPipeline.java:564) ~[na:na]
	at org.jboss.netty.channel.DefaultChannelPipeline$DefaultChannelHandlerContext.sendUpstream(DefaultChannelPipeline.java:783) ~[na:na]
	at org.jboss.netty.handler.codec.http.HttpContentDecoder.messageReceived(HttpContentDecoder.java:104) ~[na:na]
	at org.jboss.netty.channel.SimpleChannelUpstreamHandler.handleUpstream(SimpleChannelUpstreamHandler.java:80) ~[na:na]
	at org.jboss.netty.channel.DefaultChannelPipeline.sendUpstream(DefaultChannelPipeline.java:564) ~[na:na]
	at org.jboss.netty.channel.DefaultChannelPipeline$DefaultChannelHandlerContext.sendUpstream(DefaultChannelPipeline.java:783) ~[na:na]
	at org.jboss.netty.channel.Channels.fireMessageReceived(Channels.java:302) ~[na:na]
	at org.jboss.netty.handler.codec.replay.ReplayingDecoder.unfoldAndFireMessageReceived(ReplayingDecoder.java:522) ~[na:na]
	at org.jboss.netty.handler.codec.replay.ReplayingDecoder.callDecode(ReplayingDecoder.java:506) ~[na:na]
	at org.jboss.netty.handler.codec.replay.ReplayingDecoder.messageReceived(ReplayingDecoder.java:443) ~[na:na]
	at org.jboss.netty.channel.SimpleChannelUpstreamHandler.handleUpstream(SimpleChannelUpstreamHandler.java:80) ~[na:na]
	at org.jboss.netty.handler.codec.http.HttpClientCodec.handleUpstream(HttpClientCodec.java:77) ~[na:na]
	at org.jboss.netty.channel.DefaultChannelPipeline.sendUpstream(DefaultChannelPipeline.java:564) ~[na:na]
	at org.jboss.netty.channel.DefaultChannelPipeline.sendUpstream(DefaultChannelPipeline.java:559) ~[na:na]
	at org.jboss.netty.channel.Channels.fireMessageReceived(Channels.java:274) ~[na:na]
	at org.jboss.netty.channel.Channels.fireMessageReceived(Channels.java:261) ~[na:na]
	at org.jboss.netty.channel.socket.nio.NioWorker.read(NioWorker.java:349) ~[na:na]
	at org.jboss.netty.channel.socket.nio.NioWorker.processSelectedKeys(NioWorker.java:280) ~[na:na]
	at org.jboss.netty.channel.socket.nio.NioWorker.run(NioWorker.java:200) ~[na:na]
	at org.jboss.netty.util.ThreadRenamingRunnable.run(ThreadRenamingRunnable.java:108) ~[na:na]
	at org.jboss.netty.util.internal.DeadLockProofWorker$1.run(DeadLockProofWorker.java:44) ~[na:na]
	at java.util.concurrent.ThreadPoolExecutor.runWorker(Unknown Source) ~[na:1.8.0_121]
	at java.util.concurrent.ThreadPoolExecutor$Worker.run(Unknown Source) ~[na:1.8.0_121]
	at java.lang.Thread.run(Unknown Source) ~[na:1.8.0_121]
2022-10-03 00:06:50,408 [Worker-1] INFO  o.e.m.c.i.i.nexus.NexusIndexManager - Updating index for repository: central|http://repo.maven.apache.org/maven2
2022-10-03 00:06:50,455 [Worker-1] INFO  c.n.h.c.p.n.NettyAsyncHttpProvider - Number of application's worked threads is 16
2022-10-03 00:06:52,782 [Worker-1] ERROR o.e.m.c.i.i.nexus.NexusIndexManager - Unable to update index for central|http://repo.maven.apache.org/maven2
java.io.IOException: Server returned status code 501: HTTPS Required
	at org.eclipse.m2e.core.internal.index.nexus.AsyncFetcher$PipedErrorInputStream.checkError(AsyncFetcher.java:250) ~[org.eclipse.m2e.core_1.4.0.20130601-0317.jar:na]
	at org.eclipse.m2e.core.internal.index.nexus.AsyncFetcher$PipedErrorInputStream.read(AsyncFetcher.java:258) ~[org.eclipse.m2e.core_1.4.0.20130601-0317.jar:na]
	at java.io.PipedInputStream.read(Unknown Source) ~[na:1.8.0_121]
	at java.io.InputStream.read(Unknown Source) ~[na:1.8.0_121]
	at java.util.Properties$LineReader.readLine(Unknown Source) ~[na:1.8.0_121]
	at java.util.Properties.load0(Unknown Source) ~[na:1.8.0_121]
	at java.util.Properties.load(Unknown Source) ~[na:1.8.0_121]
	at org.apache.maven.index.updater.DefaultIndexUpdater.downloadIndexProperties(DefaultIndexUpdater.java:457) ~[indexer-core-3.1.0.jar:3.1.0]
	at org.apache.maven.index.updater.DefaultIndexUpdater.access$100(DefaultIndexUpdater.java:75) ~[indexer-core-3.1.0.jar:3.1.0]
	at org.apache.maven.index.updater.DefaultIndexUpdater$IndexAdaptor.setProperties(DefaultIndexUpdater.java:607) ~[indexer-core-3.1.0.jar:3.1.0]
	at org.apache.maven.index.updater.DefaultIndexUpdater.fetchAndUpdateIndex(DefaultIndexUpdater.java:788) ~[indexer-core-3.1.0.jar:3.1.0]
	at org.apache.maven.index.updater.DefaultIndexUpdater.fetchAndUpdateIndex(DefaultIndexUpdater.java:135) ~[indexer-core-3.1.0.jar:3.1.0]
	at org.eclipse.m2e.core.internal.index.nexus.NexusIndexManager.updateRemoteIndex(NexusIndexManager.java:1126) [org.eclipse.m2e.core_1.4.0.20130601-0317.jar:na]
	at org.eclipse.m2e.core.internal.index.nexus.NexusIndexManager.updateIndex(NexusIndexManager.java:1083) [org.eclipse.m2e.core_1.4.0.20130601-0317.jar:na]
	at org.eclipse.m2e.core.internal.index.nexus.NexusIndexManager$1.run(NexusIndexManager.java:660) [org.eclipse.m2e.core_1.4.0.20130601-0317.jar:na]
	at org.eclipse.m2e.core.internal.index.nexus.IndexUpdaterJob.run(IndexUpdaterJob.java:72) [org.eclipse.m2e.core_1.4.0.20130601-0317.jar:na]
	at org.eclipse.core.internal.jobs.Worker.run(Worker.java:53) [org.eclipse.core.jobs_3.5.300.v20130429-1813.jar:na]
java.io.IOException: Server returned status code 501: HTTPS Required
	at org.eclipse.m2e.core.internal.index.nexus.AsyncFetcher$MonitorListener.onStatus(AsyncFetcher.java:280) ~[na:na]
	at com.ning.http.client.SimpleAsyncHttpClient$BodyConsumerAsyncHandler.fireStatus(SimpleAsyncHttpClient.java:828) ~[na:na]
	at com.ning.http.client.SimpleAsyncHttpClient$BodyConsumerAsyncHandler.onStatusReceived(SimpleAsyncHttpClient.java:779) ~[na:na]
	at com.ning.http.client.providers.netty.NettyAsyncHttpProvider.updateStatusAndInterrupt(NettyAsyncHttpProvider.java:1587) ~[na:na]
	at com.ning.http.client.providers.netty.NettyAsyncHttpProvider.messageReceived(NettyAsyncHttpProvider.java:1242) ~[na:na]
	at org.jboss.netty.channel.SimpleChannelUpstreamHandler.handleUpstream(SimpleChannelUpstreamHandler.java:80) ~[na:na]
	at org.jboss.netty.channel.DefaultChannelPipeline.sendUpstream(DefaultChannelPipeline.java:564) ~[na:na]
	at org.jboss.netty.channel.DefaultChannelPipeline$DefaultChannelHandlerContext.sendUpstream(DefaultChannelPipeline.java:783) ~[na:na]
	at org.jboss.netty.handler.stream.ChunkedWriteHandler.handleUpstream(ChunkedWriteHandler.java:149) ~[na:na]
	at org.jboss.netty.channel.DefaultChannelPipeline.sendUpstream(DefaultChannelPipeline.java:564) ~[na:na]
	at org.jboss.netty.channel.DefaultChannelPipeline$DefaultChannelHandlerContext.sendUpstream(DefaultChannelPipeline.java:783) ~[na:na]
	at org.jboss.netty.handler.codec.http.HttpContentDecoder.messageReceived(HttpContentDecoder.java:104) ~[na:na]
	at org.jboss.netty.channel.SimpleChannelUpstreamHandler.handleUpstream(SimpleChannelUpstreamHandler.java:80) ~[na:na]
	at org.jboss.netty.channel.DefaultChannelPipeline.sendUpstream(DefaultChannelPipeline.java:564) ~[na:na]
	at org.jboss.netty.channel.DefaultChannelPipeline$DefaultChannelHandlerContext.sendUpstream(DefaultChannelPipeline.java:783) ~[na:na]
	at org.jboss.netty.channel.Channels.fireMessageReceived(Channels.java:302) ~[na:na]
	at org.jboss.netty.handler.codec.replay.ReplayingDecoder.unfoldAndFireMessageReceived(ReplayingDecoder.java:522) ~[na:na]
	at org.jboss.netty.handler.codec.replay.ReplayingDecoder.callDecode(ReplayingDecoder.java:506) ~[na:na]
	at org.jboss.netty.handler.codec.replay.ReplayingDecoder.messageReceived(ReplayingDecoder.java:443) ~[na:na]
	at org.jboss.netty.channel.SimpleChannelUpstreamHandler.handleUpstream(SimpleChannelUpstreamHandler.java:80) ~[na:na]
	at org.jboss.netty.handler.codec.http.HttpClientCodec.handleUpstream(HttpClientCodec.java:77) ~[na:na]
	at org.jboss.netty.channel.DefaultChannelPipeline.sendUpstream(DefaultChannelPipeline.java:564) ~[na:na]
	at org.jboss.netty.channel.DefaultChannelPipeline.sendUpstream(DefaultChannelPipeline.java:559) ~[na:na]
	at org.jboss.netty.channel.Channels.fireMessageReceived(Channels.java:274) ~[na:na]
	at org.jboss.netty.channel.Channels.fireMessageReceived(Channels.java:261) ~[na:na]
	at org.jboss.netty.channel.socket.nio.NioWorker.read(NioWorker.java:349) ~[na:na]
	at org.jboss.netty.channel.socket.nio.NioWorker.processSelectedKeys(NioWorker.java:280) ~[na:na]
	at org.jboss.netty.channel.socket.nio.NioWorker.run(NioWorker.java:200) ~[na:na]
	at org.jboss.netty.util.ThreadRenamingRunnable.run(ThreadRenamingRunnable.java:108) ~[na:na]
	at org.jboss.netty.util.internal.DeadLockProofWorker$1.run(DeadLockProofWorker.java:44) ~[na:na]
	at java.util.concurrent.ThreadPoolExecutor.runWorker(Unknown Source) ~[na:1.8.0_121]
	at java.util.concurrent.ThreadPoolExecutor$Worker.run(Unknown Source) ~[na:1.8.0_121]
	at java.lang.Thread.run(Unknown Source) ~[na:1.8.0_121]
